C:\Users\Zach\repo\puck\ARM\Release\Box2D\Box2D.lib
C:\Users\Zach\repo\puck\ARM\Release\Box2D\Box2D.exp
C:\Users\Zach\repo\Box2D\ARM\Release\priconfig.xml.intermediate
C:\Users\Zach\repo\Box2D\ARM\Release\layout.resfiles.intermediate
C:\Users\Zach\repo\Box2D\ARM\Release\resources.resfiles.intermediate
C:\Users\Zach\repo\Box2D\ARM\Release\pri.resfiles.intermediate
C:\Users\Zach\repo\Box2D\ARM\Release\priconfig.xml
C:\Users\Zach\repo\Box2D\ARM\Release\layout.resfiles
C:\Users\Zach\repo\Box2D\ARM\Release\resources.resfiles
C:\Users\Zach\repo\Box2D\ARM\Release\pri.resfiles
C:\Users\Zach\repo\puck\ARM\Release\Box2D\Box2D.pri
C:\Users\Zach\repo\Box2D\ARM\Release\LanguageQualifiers.txt
C:\USERS\ZACH\REPO\BOX2D\ARM\RELEASE\B2BROADPHASE.OBJ
C:\USERS\ZACH\REPO\BOX2D\ARM\RELEASE\B2TIMEOFIMPACT.OBJ
C:\USERS\ZACH\REPO\BOX2D\ARM\RELEASE\B2POLYGONSHAPE.OBJ
C:\USERS\ZACH\REPO\BOX2D\ARM\RELEASE\B2SETTINGS.OBJ
C:\USERS\ZACH\REPO\BOX2D\ARM\RELEASE\B2BODY.OBJ
C:\USERS\ZACH\REPO\BOX2D\ARM\RELEASE\B2WORLD.OBJ
C:\USERS\ZACH\REPO\BOX2D\ARM\RELEASE\B2CIRCLECONTACT.OBJ
C:\USERS\ZACH\REPO\BOX2D\ARM\RELEASE\B2EDGEANDPOLYGONCONTACT.OBJ
C:\USERS\ZACH\REPO\BOX2D\ARM\RELEASE\B2FRICTIONJOINT.OBJ
C:\USERS\ZACH\REPO\BOX2D\ARM\RELEASE\B2PRISMATICJOINT.OBJ
C:\USERS\ZACH\REPO\BOX2D\ARM\RELEASE\B2WELDJOINT.OBJ
C:\USERS\ZACH\REPO\BOX2D\ARM\RELEASE\B2COLLIDECIRCLE.OBJ
C:\USERS\ZACH\REPO\BOX2D\ARM\RELEASE\B2DYNAMICTREE.OBJ
C:\USERS\ZACH\REPO\BOX2D\ARM\RELEASE\B2CIRCLESHAPE.OBJ
C:\USERS\ZACH\REPO\BOX2D\ARM\RELEASE\B2BLOCKALLOCATOR.OBJ
C:\USERS\ZACH\REPO\BOX2D\ARM\RELEASE\B2FIXTURE.OBJ
C:\USERS\ZACH\REPO\BOX2D\ARM\RELEASE\B2WORLDCALLBACKS.OBJ
C:\USERS\ZACH\REPO\BOX2D\ARM\RELEASE\B2CONTACT.OBJ
C:\USERS\ZACH\REPO\BOX2D\ARM\RELEASE\B2POLYGONANDCIRCLECONTACT.OBJ
C:\USERS\ZACH\REPO\BOX2D\ARM\RELEASE\B2JOINT.OBJ
C:\USERS\ZACH\REPO\BOX2D\ARM\RELEASE\B2ROPEJOINT.OBJ
C:\USERS\ZACH\REPO\BOX2D\ARM\RELEASE\B2COLLIDEPOLYGON.OBJ
C:\USERS\ZACH\REPO\BOX2D\ARM\RELEASE\B2COLLISION.OBJ
C:\USERS\ZACH\REPO\BOX2D\ARM\RELEASE\B2CHAINSHAPE.OBJ
C:\USERS\ZACH\REPO\BOX2D\ARM\RELEASE\B2DRAW.OBJ
C:\USERS\ZACH\REPO\BOX2D\ARM\RELEASE\B2STACKALLOCATOR.OBJ
C:\USERS\ZACH\REPO\BOX2D\ARM\RELEASE\B2CONTACTMANAGER.OBJ
C:\USERS\ZACH\REPO\BOX2D\ARM\RELEASE\B2CHAINANDCIRCLECONTACT.OBJ
C:\USERS\ZACH\REPO\BOX2D\ARM\RELEASE\B2CONTACTSOLVER.OBJ
C:\USERS\ZACH\REPO\BOX2D\ARM\RELEASE\B2POLYGONCONTACT.OBJ
C:\USERS\ZACH\REPO\BOX2D\ARM\RELEASE\B2GEARJOINT.OBJ
C:\USERS\ZACH\REPO\BOX2D\ARM\RELEASE\B2PULLEYJOINT.OBJ
C:\USERS\ZACH\REPO\BOX2D\ARM\RELEASE\B2WHEELJOINT.OBJ
C:\USERS\ZACH\REPO\BOX2D\ARM\RELEASE\B2COLLIDEEDGE.OBJ
C:\USERS\ZACH\REPO\BOX2D\ARM\RELEASE\B2DISTANCE.OBJ
C:\USERS\ZACH\REPO\BOX2D\ARM\RELEASE\B2EDGESHAPE.OBJ
C:\USERS\ZACH\REPO\BOX2D\ARM\RELEASE\B2MATH.OBJ
C:\USERS\ZACH\REPO\BOX2D\ARM\RELEASE\B2TIMER.OBJ
C:\USERS\ZACH\REPO\BOX2D\ARM\RELEASE\B2ISLAND.OBJ
C:\USERS\ZACH\REPO\BOX2D\ARM\RELEASE\B2CHAINANDPOLYGONCONTACT.OBJ
C:\USERS\ZACH\REPO\BOX2D\ARM\RELEASE\B2EDGEANDCIRCLECONTACT.OBJ
C:\USERS\ZACH\REPO\BOX2D\ARM\RELEASE\B2DISTANCEJOINT.OBJ
C:\USERS\ZACH\REPO\BOX2D\ARM\RELEASE\B2MOUSEJOINT.OBJ
C:\USERS\ZACH\REPO\BOX2D\ARM\RELEASE\B2REVOLUTEJOINT.OBJ
C:\USERS\ZACH\REPO\BOX2D\ARM\RELEASE\B2ROPE.OBJ
C:\USERS\ZACH\REPO\BOX2D\ARM\RELEASE\VC110.PDB
C:\USERS\ZACH\REPO\PUCK\ARM\RELEASE\BOX2D\BOX2D.DLL
C:\USERS\ZACH\REPO\PUCK\ARM\RELEASE\BOX2D\BOX2D.PDB
C:\Users\Zach\repo\Box2D\ARM\Release\b2BlockAllocator.obj
C:\Users\Zach\repo\Box2D\ARM\Release\b2Body.obj
C:\Users\Zach\repo\Box2D\ARM\Release\b2BroadPhase.obj
C:\Users\Zach\repo\Box2D\ARM\Release\b2ChainAndCircleContact.obj
C:\Users\Zach\repo\Box2D\ARM\Release\b2ChainAndPolygonContact.obj
C:\Users\Zach\repo\Box2D\ARM\Release\b2ChainShape.obj
C:\Users\Zach\repo\Box2D\ARM\Release\b2CircleContact.obj
C:\Users\Zach\repo\Box2D\ARM\Release\b2CircleShape.obj
C:\Users\Zach\repo\Box2D\ARM\Release\b2CollideCircle.obj
C:\Users\Zach\repo\Box2D\ARM\Release\b2CollideEdge.obj
C:\Users\Zach\repo\Box2D\ARM\Release\b2CollidePolygon.obj
C:\Users\Zach\repo\Box2D\ARM\Release\b2Collision.obj
C:\Users\Zach\repo\Box2D\ARM\Release\b2Contact.obj
C:\Users\Zach\repo\Box2D\ARM\Release\b2ContactManager.obj
C:\Users\Zach\repo\Box2D\ARM\Release\b2ContactSolver.obj
C:\Users\Zach\repo\Box2D\ARM\Release\b2Distance.obj
C:\Users\Zach\repo\Box2D\ARM\Release\b2DistanceJoint.obj
C:\Users\Zach\repo\Box2D\ARM\Release\b2Draw.obj
C:\Users\Zach\repo\Box2D\ARM\Release\b2DynamicTree.obj
C:\Users\Zach\repo\Box2D\ARM\Release\b2EdgeAndCircleContact.obj
C:\Users\Zach\repo\Box2D\ARM\Release\b2EdgeAndPolygonContact.obj
C:\Users\Zach\repo\Box2D\ARM\Release\b2EdgeShape.obj
C:\Users\Zach\repo\Box2D\ARM\Release\b2Fixture.obj
C:\Users\Zach\repo\Box2D\ARM\Release\b2FrictionJoint.obj
C:\Users\Zach\repo\Box2D\ARM\Release\b2GearJoint.obj
C:\Users\Zach\repo\Box2D\ARM\Release\b2Island.obj
C:\Users\Zach\repo\Box2D\ARM\Release\b2Joint.obj
C:\Users\Zach\repo\Box2D\ARM\Release\b2Math.obj
C:\Users\Zach\repo\Box2D\ARM\Release\b2MouseJoint.obj
C:\Users\Zach\repo\Box2D\ARM\Release\b2PolygonAndCircleContact.obj
C:\Users\Zach\repo\Box2D\ARM\Release\b2PolygonContact.obj
C:\Users\Zach\repo\Box2D\ARM\Release\b2PolygonShape.obj
C:\Users\Zach\repo\Box2D\ARM\Release\b2PrismaticJoint.obj
C:\Users\Zach\repo\Box2D\ARM\Release\b2PulleyJoint.obj
C:\Users\Zach\repo\Box2D\ARM\Release\b2RevoluteJoint.obj
C:\Users\Zach\repo\Box2D\ARM\Release\b2Rope.obj
C:\Users\Zach\repo\Box2D\ARM\Release\b2RopeJoint.obj
C:\Users\Zach\repo\Box2D\ARM\Release\b2Settings.obj
C:\Users\Zach\repo\Box2D\ARM\Release\b2StackAllocator.obj
C:\Users\Zach\repo\Box2D\ARM\Release\b2TimeOfImpact.obj
C:\Users\Zach\repo\Box2D\ARM\Release\b2Timer.obj
C:\Users\Zach\repo\Box2D\ARM\Release\b2WeldJoint.obj
C:\Users\Zach\repo\Box2D\ARM\Release\b2WheelJoint.obj
C:\Users\Zach\repo\Box2D\ARM\Release\b2World.obj
C:\Users\Zach\repo\Box2D\ARM\Release\b2WorldCallbacks.obj
C:\Users\Zach\repo\Box2D\ARM\Release\Box2D.read.1.tlog
C:\Users\Zach\repo\Box2D\ARM\Release\Box2D.write.1.tlog
C:\Users\Zach\repo\Box2D\ARM\Release\CL.11656.read.1.tlog
C:\Users\Zach\repo\Box2D\ARM\Release\CL.11656.write.1.tlog
C:\Users\Zach\repo\Box2D\ARM\Release\CL.12120.read.1.tlog
C:\Users\Zach\repo\Box2D\ARM\Release\CL.12120.write.1.tlog
C:\Users\Zach\repo\Box2D\ARM\Release\CL.6160.read.1.tlog
C:\Users\Zach\repo\Box2D\ARM\Release\CL.6160.write.1.tlog
C:\Users\Zach\repo\Box2D\ARM\Release\CL.6712.read.1.tlog
C:\Users\Zach\repo\Box2D\ARM\Release\CL.6712.write.1.tlog
C:\Users\Zach\repo\Box2D\ARM\Release\cl.command.1.tlog
C:\Users\Zach\repo\Box2D\ARM\Release\CL.read.1.tlog
C:\Users\Zach\repo\Box2D\ARM\Release\CL.write.1.tlog
C:\Users\Zach\repo\Box2D\ARM\Release\link.command.1.tlog
C:\Users\Zach\repo\Box2D\ARM\Release\link.read.1.tlog
C:\Users\Zach\repo\Box2D\ARM\Release\link.write.1.tlog
C:\Users\Zach\repo\Box2D\ARM\Release\vc110.pdb
C:\Users\Zach\repo\puck\ARM\Release\Box2D\Box2D.pdb
C:\Users\Zach\repo\puck\ARM\Release\Box2D\Box2D.dll
