Build started 5/18/2013 11:04:49 AM.
     1>Project "C:\Users\Zach\repo\Box2D\Box2D.vcxproj" on node 2 (Rebuild target(s)).
     1>ClCompile:
         C:\Program Files (x86)\Microsoft Visual Studio 11.0\VC\bin\CL.exe /c /IC:\Users\Zach\repo\Box2D\ /IC:\Users\Zach\repo\Box2D\\.. /IDebug\ /IC:\Users\Zach\repo\Box2D\ /I"Generated Files\\" /IDebug\ /ZI /nologo /W3 /WX- /sdl /MP /Od /Oy- /D _WINRT_DLL /D _DEBUG /D _WINDOWS /D _UNICODE /D UNICODE /D _DEBUG /D WINAPI_FAMILY=WINAPI_FAMILY_APP /Gm- /EHsc /RTC1 /MDd /GS /fp:precise /Zc:wchar_t /Zc:forScope /Fo"Debug\\" /Fd"Debug\vc110.pdb" /Gd /TP /analyze- /errorReport:prompt Collision\b2BroadPhase.cpp Collision\b2CollideCircle.cpp Collision\b2CollideEdge.cpp Collision\b2CollidePolygon.cpp Collision\b2Collision.cpp Collision\b2Distance.cpp Collision\b2DynamicTree.cpp Collision\b2TimeOfImpact.cpp Collision\Shapes\b2ChainShape.cpp Collision\Shapes\b2CircleShape.cpp Collision\Shapes\b2EdgeShape.cpp Collision\Shapes\b2PolygonShape.cpp Common\b2BlockAllocator.cpp Common\b2Draw.cpp Common\b2Math.cpp Common\b2Settings.cpp Common\b2StackAllocator.cpp Common\b2Timer.cpp Dynamics\b2Body.cpp Dynamics\b2ContactManager.cpp Dynamics\b2Fixture.cpp Dynamics\b2Island.cpp Dynamics\b2World.cpp Dynamics\b2WorldCallbacks.cpp Dynamics\Contacts\b2ChainAndCircleContact.cpp Dynamics\Contacts\b2ChainAndPolygonContact.cpp Dynamics\Contacts\b2CircleContact.cpp Dynamics\Contacts\b2Contact.cpp Dynamics\Contacts\b2ContactSolver.cpp Dynamics\Contacts\b2EdgeAndCircleContact.cpp Dynamics\Contacts\b2EdgeAndPolygonContact.cpp Dynamics\Contacts\b2PolygonAndCircleContact.cpp Dynamics\Contacts\b2PolygonContact.cpp Dynamics\Joints\b2DistanceJoint.cpp Dynamics\Joints\b2FrictionJoint.cpp Dynamics\Joints\b2GearJoint.cpp Dynamics\Joints\b2Joint.cpp Dynamics\Joints\b2MouseJoint.cpp Dynamics\Joints\b2PrismaticJoint.cpp Dynamics\Joints\b2PulleyJoint.cpp Dynamics\Joints\b2RevoluteJoint.cpp Dynamics\Joints\b2RopeJoint.cpp Dynamics\Joints\b2WeldJoint.cpp Dynamics\Joints\b2WheelJoint.cpp Rope\b2Rope.cpp
         b2BroadPhase.cpp
         b2CollideCircle.cpp
         b2CollideEdge.cpp
         b2CollidePolygon.cpp
         b2Collision.cpp
         b2Distance.cpp
         b2DynamicTree.cpp
         b2TimeOfImpact.cpp
         b2ChainShape.cpp
         b2CircleShape.cpp
         b2EdgeShape.cpp
         b2PolygonShape.cpp
         b2BlockAllocator.cpp
         b2Draw.cpp
         b2Math.cpp
         b2Settings.cpp
         b2StackAllocator.cpp
         b2Timer.cpp
         b2Body.cpp
         b2ContactManager.cpp
         b2Fixture.cpp
         b2Island.cpp
         b2World.cpp
         b2WorldCallbacks.cpp
         b2ChainAndCircleContact.cpp
         b2ChainAndPolygonContact.cpp
         b2CircleContact.cpp
         b2Contact.cpp
         b2ContactSolver.cpp
         b2EdgeAndCircleContact.cpp
         b2EdgeAndPolygonContact.cpp
         b2PolygonAndCircleContact.cpp
         b2PolygonContact.cpp
         b2DistanceJoint.cpp
         b2FrictionJoint.cpp
         b2GearJoint.cpp
         b2Joint.cpp
         b2MouseJoint.cpp
         b2PrismaticJoint.cpp
         b2PulleyJoint.cpp
         b2RevoluteJoint.cpp
         b2RopeJoint.cpp
         b2WeldJoint.cpp
         b2WheelJoint.cpp
         b2Rope.cpp
       Lib:
         C:\Program Files (x86)\Microsoft Visual Studio 11.0\VC\bin\Lib.exe /OUT:"C:\Users\Zach\repo\puck\Debug\Box2D\Box2D.lib" /NOLOGO Debug\b2BroadPhase.obj
         Debug\b2CollideCircle.obj
         Debug\b2CollideEdge.obj
         Debug\b2CollidePolygon.obj
         Debug\b2Collision.obj
         Debug\b2Distance.obj
         Debug\b2DynamicTree.obj
         Debug\b2TimeOfImpact.obj
         Debug\b2ChainShape.obj
         Debug\b2CircleShape.obj
         Debug\b2EdgeShape.obj
         Debug\b2PolygonShape.obj
         Debug\b2BlockAllocator.obj
         Debug\b2Draw.obj
         Debug\b2Math.obj
         Debug\b2Settings.obj
         Debug\b2StackAllocator.obj
         Debug\b2Timer.obj
         Debug\b2Body.obj
         Debug\b2ContactManager.obj
         Debug\b2Fixture.obj
         Debug\b2Island.obj
         Debug\b2World.obj
         Debug\b2WorldCallbacks.obj
         Debug\b2ChainAndCircleContact.obj
         Debug\b2ChainAndPolygonContact.obj
         Debug\b2CircleContact.obj
         Debug\b2Contact.obj
         Debug\b2ContactSolver.obj
         Debug\b2EdgeAndCircleContact.obj
         Debug\b2EdgeAndPolygonContact.obj
         Debug\b2PolygonAndCircleContact.obj
         Debug\b2PolygonContact.obj
         Debug\b2DistanceJoint.obj
         Debug\b2FrictionJoint.obj
         Debug\b2GearJoint.obj
         Debug\b2Joint.obj
         Debug\b2MouseJoint.obj
         Debug\b2PrismaticJoint.obj
         Debug\b2PulleyJoint.obj
         Debug\b2RevoluteJoint.obj
         Debug\b2RopeJoint.obj
         Debug\b2WeldJoint.obj
         Debug\b2WheelJoint.obj
         Debug\b2Rope.obj
         Box2D.vcxproj -> C:\Users\Zach\repo\puck\Debug\Box2D\Box2D.lib
     1>C:\Program Files (x86)\MSBuild\Microsoft\VisualStudio\v11.0\AppxPackage\Microsoft.AppXPackage.Targets(1538,9): warning APPX1901: The DefaultLanguage property is either missing from the project file or does not have a value. The fallback language is set to the Visual Studio language: en-US.
       _GenerateProjectPriFileCore:
         C:\Program Files (x86)\Windows Kits\8.0\bin\x86\MakePri.exe New -ProjectRoot C:\Users\Zach\repo\Box2D\ -ConfigXml Debug\priconfig.xml -OutputFile C:\Users\Zach\repo\puck\Debug\Box2D\Box2D.pri -IndexName Box2D -Verbose -Overwrite  
     1>Done Building Project "C:\Users\Zach\repo\Box2D\Box2D.vcxproj" (Rebuild target(s)).

Build succeeded.

Time Elapsed 00:00:04.54
