C:\Users\Zach\repo\Box2D\x64\Debug\priconfig.xml.intermediate
C:\Users\Zach\repo\Box2D\x64\Debug\layout.resfiles.intermediate
C:\Users\Zach\repo\Box2D\x64\Debug\resources.resfiles.intermediate
C:\Users\Zach\repo\Box2D\x64\Debug\pri.resfiles.intermediate
C:\Users\Zach\repo\Box2D\x64\Debug\priconfig.xml
C:\Users\Zach\repo\Box2D\x64\Debug\layout.resfiles
C:\Users\Zach\repo\Box2D\x64\Debug\resources.resfiles
C:\Users\Zach\repo\Box2D\x64\Debug\pri.resfiles
C:\Users\Zach\repo\puck\x64\Debug\Box2D\Box2D.pri
C:\Users\Zach\repo\Box2D\x64\Debug\LanguageQualifiers.txt
C:\USERS\ZACH\REPO\PUCK\X64\DEBUG\BOX2D\BOX2D.BSC
C:\USERS\ZACH\REPO\BOX2D\X64\DEBUG\B2BROADPHASE.SBR
C:\USERS\ZACH\REPO\BOX2D\X64\DEBUG\B2BROADPHASE.OBJ
C:\USERS\ZACH\REPO\BOX2D\X64\DEBUG\B2CIRCLESHAPE.SBR
C:\USERS\ZACH\REPO\BOX2D\X64\DEBUG\B2CIRCLESHAPE.OBJ
C:\USERS\ZACH\REPO\BOX2D\X64\DEBUG\B2BLOCKALLOCATOR.SBR
C:\USERS\ZACH\REPO\BOX2D\X64\DEBUG\B2BLOCKALLOCATOR.OBJ
C:\USERS\ZACH\REPO\BOX2D\X64\DEBUG\B2CONTACTMANAGER.SBR
C:\USERS\ZACH\REPO\BOX2D\X64\DEBUG\B2CONTACTMANAGER.OBJ
C:\USERS\ZACH\REPO\BOX2D\X64\DEBUG\B2CHAINANDCIRCLECONTACT.SBR
C:\USERS\ZACH\REPO\BOX2D\X64\DEBUG\B2CHAINANDCIRCLECONTACT.OBJ
C:\USERS\ZACH\REPO\BOX2D\X64\DEBUG\B2CONTACT.SBR
C:\USERS\ZACH\REPO\BOX2D\X64\DEBUG\B2CONTACT.OBJ
C:\USERS\ZACH\REPO\BOX2D\X64\DEBUG\B2POLYGONANDCIRCLECONTACT.SBR
C:\USERS\ZACH\REPO\BOX2D\X64\DEBUG\B2POLYGONANDCIRCLECONTACT.OBJ
C:\USERS\ZACH\REPO\BOX2D\X64\DEBUG\B2JOINT.SBR
C:\USERS\ZACH\REPO\BOX2D\X64\DEBUG\B2JOINT.OBJ
C:\USERS\ZACH\REPO\BOX2D\X64\DEBUG\B2REVOLUTEJOINT.SBR
C:\USERS\ZACH\REPO\BOX2D\X64\DEBUG\B2REVOLUTEJOINT.OBJ
C:\USERS\ZACH\REPO\BOX2D\X64\DEBUG\B2ROPE.SBR
C:\USERS\ZACH\REPO\BOX2D\X64\DEBUG\B2ROPE.OBJ
C:\USERS\ZACH\REPO\BOX2D\X64\DEBUG\B2COLLIDECIRCLE.SBR
C:\USERS\ZACH\REPO\BOX2D\X64\DEBUG\B2COLLIDECIRCLE.OBJ
C:\USERS\ZACH\REPO\BOX2D\X64\DEBUG\B2DISTANCE.SBR
C:\USERS\ZACH\REPO\BOX2D\X64\DEBUG\B2DISTANCE.OBJ
C:\USERS\ZACH\REPO\BOX2D\X64\DEBUG\B2CHAINSHAPE.SBR
C:\USERS\ZACH\REPO\BOX2D\X64\DEBUG\B2CHAINSHAPE.OBJ
C:\USERS\ZACH\REPO\BOX2D\X64\DEBUG\B2DRAW.SBR
C:\USERS\ZACH\REPO\BOX2D\X64\DEBUG\B2DRAW.OBJ
C:\USERS\ZACH\REPO\BOX2D\X64\DEBUG\B2SETTINGS.SBR
C:\USERS\ZACH\REPO\BOX2D\X64\DEBUG\B2SETTINGS.OBJ
C:\USERS\ZACH\REPO\BOX2D\X64\DEBUG\B2BODY.SBR
C:\USERS\ZACH\REPO\BOX2D\X64\DEBUG\B2BODY.OBJ
C:\USERS\ZACH\REPO\BOX2D\X64\DEBUG\B2ISLAND.SBR
C:\USERS\ZACH\REPO\BOX2D\X64\DEBUG\B2ISLAND.OBJ
C:\USERS\ZACH\REPO\BOX2D\X64\DEBUG\B2CHAINANDPOLYGONCONTACT.SBR
C:\USERS\ZACH\REPO\BOX2D\X64\DEBUG\B2CHAINANDPOLYGONCONTACT.OBJ
C:\USERS\ZACH\REPO\BOX2D\X64\DEBUG\B2EDGEANDCIRCLECONTACT.SBR
C:\USERS\ZACH\REPO\BOX2D\X64\DEBUG\B2EDGEANDCIRCLECONTACT.OBJ
C:\USERS\ZACH\REPO\BOX2D\X64\DEBUG\B2DISTANCEJOINT.SBR
C:\USERS\ZACH\REPO\BOX2D\X64\DEBUG\B2DISTANCEJOINT.OBJ
C:\USERS\ZACH\REPO\BOX2D\X64\DEBUG\B2MOUSEJOINT.SBR
C:\USERS\ZACH\REPO\BOX2D\X64\DEBUG\B2MOUSEJOINT.OBJ
C:\USERS\ZACH\REPO\BOX2D\X64\DEBUG\B2ROPEJOINT.SBR
C:\USERS\ZACH\REPO\BOX2D\X64\DEBUG\B2ROPEJOINT.OBJ
C:\USERS\ZACH\REPO\BOX2D\X64\DEBUG\B2COLLIDEPOLYGON.SBR
C:\USERS\ZACH\REPO\BOX2D\X64\DEBUG\B2COLLIDEPOLYGON.OBJ
C:\USERS\ZACH\REPO\BOX2D\X64\DEBUG\B2COLLISION.SBR
C:\USERS\ZACH\REPO\BOX2D\X64\DEBUG\B2COLLISION.OBJ
C:\USERS\ZACH\REPO\BOX2D\X64\DEBUG\B2TIMEOFIMPACT.SBR
C:\USERS\ZACH\REPO\BOX2D\X64\DEBUG\B2TIMEOFIMPACT.OBJ
C:\USERS\ZACH\REPO\BOX2D\X64\DEBUG\B2POLYGONSHAPE.SBR
C:\USERS\ZACH\REPO\BOX2D\X64\DEBUG\B2POLYGONSHAPE.OBJ
C:\USERS\ZACH\REPO\BOX2D\X64\DEBUG\B2STACKALLOCATOR.SBR
C:\USERS\ZACH\REPO\BOX2D\X64\DEBUG\B2STACKALLOCATOR.OBJ
C:\USERS\ZACH\REPO\BOX2D\X64\DEBUG\B2FIXTURE.SBR
C:\USERS\ZACH\REPO\BOX2D\X64\DEBUG\B2FIXTURE.OBJ
C:\USERS\ZACH\REPO\BOX2D\X64\DEBUG\B2WORLDCALLBACKS.SBR
C:\USERS\ZACH\REPO\BOX2D\X64\DEBUG\B2WORLDCALLBACKS.OBJ
C:\USERS\ZACH\REPO\BOX2D\X64\DEBUG\B2CIRCLECONTACT.SBR
C:\USERS\ZACH\REPO\BOX2D\X64\DEBUG\B2CIRCLECONTACT.OBJ
C:\USERS\ZACH\REPO\BOX2D\X64\DEBUG\B2EDGEANDPOLYGONCONTACT.SBR
C:\USERS\ZACH\REPO\BOX2D\X64\DEBUG\B2EDGEANDPOLYGONCONTACT.OBJ
C:\USERS\ZACH\REPO\BOX2D\X64\DEBUG\B2FRICTIONJOINT.SBR
C:\USERS\ZACH\REPO\BOX2D\X64\DEBUG\B2FRICTIONJOINT.OBJ
C:\USERS\ZACH\REPO\BOX2D\X64\DEBUG\B2PRISMATICJOINT.SBR
C:\USERS\ZACH\REPO\BOX2D\X64\DEBUG\B2PRISMATICJOINT.OBJ
C:\USERS\ZACH\REPO\BOX2D\X64\DEBUG\B2WELDJOINT.SBR
C:\USERS\ZACH\REPO\BOX2D\X64\DEBUG\B2WELDJOINT.OBJ
C:\USERS\ZACH\REPO\BOX2D\X64\DEBUG\B2COLLIDEEDGE.SBR
C:\USERS\ZACH\REPO\BOX2D\X64\DEBUG\B2COLLIDEEDGE.OBJ
C:\USERS\ZACH\REPO\BOX2D\X64\DEBUG\B2DYNAMICTREE.SBR
C:\USERS\ZACH\REPO\BOX2D\X64\DEBUG\B2DYNAMICTREE.OBJ
C:\USERS\ZACH\REPO\BOX2D\X64\DEBUG\B2EDGESHAPE.SBR
C:\USERS\ZACH\REPO\BOX2D\X64\DEBUG\B2EDGESHAPE.OBJ
C:\USERS\ZACH\REPO\BOX2D\X64\DEBUG\B2MATH.SBR
C:\USERS\ZACH\REPO\BOX2D\X64\DEBUG\B2MATH.OBJ
C:\USERS\ZACH\REPO\BOX2D\X64\DEBUG\B2TIMER.SBR
C:\USERS\ZACH\REPO\BOX2D\X64\DEBUG\B2TIMER.OBJ
C:\USERS\ZACH\REPO\BOX2D\X64\DEBUG\B2WORLD.SBR
C:\USERS\ZACH\REPO\BOX2D\X64\DEBUG\B2WORLD.OBJ
C:\USERS\ZACH\REPO\BOX2D\X64\DEBUG\B2CONTACTSOLVER.SBR
C:\USERS\ZACH\REPO\BOX2D\X64\DEBUG\B2CONTACTSOLVER.OBJ
C:\USERS\ZACH\REPO\BOX2D\X64\DEBUG\B2POLYGONCONTACT.SBR
C:\USERS\ZACH\REPO\BOX2D\X64\DEBUG\B2POLYGONCONTACT.OBJ
C:\USERS\ZACH\REPO\BOX2D\X64\DEBUG\B2GEARJOINT.SBR
C:\USERS\ZACH\REPO\BOX2D\X64\DEBUG\B2GEARJOINT.OBJ
C:\USERS\ZACH\REPO\BOX2D\X64\DEBUG\B2PULLEYJOINT.SBR
C:\USERS\ZACH\REPO\BOX2D\X64\DEBUG\B2PULLEYJOINT.OBJ
C:\USERS\ZACH\REPO\BOX2D\X64\DEBUG\B2WHEELJOINT.SBR
C:\USERS\ZACH\REPO\BOX2D\X64\DEBUG\B2WHEELJOINT.OBJ
C:\USERS\ZACH\REPO\BOX2D\X64\DEBUG\VC110.PDB
C:\USERS\ZACH\REPO\PUCK\X64\DEBUG\BOX2D\BOX2D.LIB
C:\Users\Zach\repo\Box2D\x64\Debug\b2BlockAllocator.obj
C:\Users\Zach\repo\Box2D\x64\Debug\b2Body.obj
C:\Users\Zach\repo\Box2D\x64\Debug\b2BroadPhase.obj
C:\Users\Zach\repo\Box2D\x64\Debug\b2ChainAndCircleContact.obj
C:\Users\Zach\repo\Box2D\x64\Debug\b2ChainAndPolygonContact.obj
C:\Users\Zach\repo\Box2D\x64\Debug\b2ChainShape.obj
C:\Users\Zach\repo\Box2D\x64\Debug\b2CircleContact.obj
C:\Users\Zach\repo\Box2D\x64\Debug\b2CircleShape.obj
C:\Users\Zach\repo\Box2D\x64\Debug\b2CollideCircle.obj
C:\Users\Zach\repo\Box2D\x64\Debug\b2CollideEdge.obj
C:\Users\Zach\repo\Box2D\x64\Debug\b2CollidePolygon.obj
C:\Users\Zach\repo\Box2D\x64\Debug\b2Collision.obj
C:\Users\Zach\repo\Box2D\x64\Debug\b2Contact.obj
C:\Users\Zach\repo\Box2D\x64\Debug\b2ContactManager.obj
C:\Users\Zach\repo\Box2D\x64\Debug\b2ContactSolver.obj
C:\Users\Zach\repo\Box2D\x64\Debug\b2Distance.obj
C:\Users\Zach\repo\Box2D\x64\Debug\b2DistanceJoint.obj
C:\Users\Zach\repo\Box2D\x64\Debug\b2Draw.obj
C:\Users\Zach\repo\Box2D\x64\Debug\b2DynamicTree.obj
C:\Users\Zach\repo\Box2D\x64\Debug\b2EdgeAndCircleContact.obj
C:\Users\Zach\repo\Box2D\x64\Debug\b2EdgeAndPolygonContact.obj
C:\Users\Zach\repo\Box2D\x64\Debug\b2EdgeShape.obj
C:\Users\Zach\repo\Box2D\x64\Debug\b2Fixture.obj
C:\Users\Zach\repo\Box2D\x64\Debug\b2FrictionJoint.obj
C:\Users\Zach\repo\Box2D\x64\Debug\b2GearJoint.obj
C:\Users\Zach\repo\Box2D\x64\Debug\b2Island.obj
C:\Users\Zach\repo\Box2D\x64\Debug\b2Joint.obj
C:\Users\Zach\repo\Box2D\x64\Debug\b2Math.obj
C:\Users\Zach\repo\Box2D\x64\Debug\b2MouseJoint.obj
C:\Users\Zach\repo\Box2D\x64\Debug\b2PolygonAndCircleContact.obj
C:\Users\Zach\repo\Box2D\x64\Debug\b2PolygonContact.obj
C:\Users\Zach\repo\Box2D\x64\Debug\b2PolygonShape.obj
C:\Users\Zach\repo\Box2D\x64\Debug\b2PrismaticJoint.obj
C:\Users\Zach\repo\Box2D\x64\Debug\b2PulleyJoint.obj
C:\Users\Zach\repo\Box2D\x64\Debug\b2RevoluteJoint.obj
C:\Users\Zach\repo\Box2D\x64\Debug\b2Rope.obj
C:\Users\Zach\repo\Box2D\x64\Debug\b2RopeJoint.obj
C:\Users\Zach\repo\Box2D\x64\Debug\b2Settings.obj
C:\Users\Zach\repo\Box2D\x64\Debug\b2StackAllocator.obj
C:\Users\Zach\repo\Box2D\x64\Debug\b2TimeOfImpact.obj
C:\Users\Zach\repo\Box2D\x64\Debug\b2Timer.obj
C:\Users\Zach\repo\Box2D\x64\Debug\b2WeldJoint.obj
C:\Users\Zach\repo\Box2D\x64\Debug\b2WheelJoint.obj
C:\Users\Zach\repo\Box2D\x64\Debug\b2World.obj
C:\Users\Zach\repo\Box2D\x64\Debug\b2WorldCallbacks.obj
C:\Users\Zach\repo\Box2D\x64\Debug\Box2D.read.1.tlog
C:\Users\Zach\repo\Box2D\x64\Debug\Box2D.write.1.tlog
C:\Users\Zach\repo\Box2D\x64\Debug\BscMake.command.1.tlog
C:\Users\Zach\repo\Box2D\x64\Debug\bscmake.read.1.tlog
C:\Users\Zach\repo\Box2D\x64\Debug\BscMake.write.1.tlog
C:\Users\Zach\repo\Box2D\x64\Debug\CL.10056.read.1.tlog
C:\Users\Zach\repo\Box2D\x64\Debug\CL.10056.write.1.tlog
C:\Users\Zach\repo\Box2D\x64\Debug\CL.11036.read.1.tlog
C:\Users\Zach\repo\Box2D\x64\Debug\CL.11036.write.1.tlog
C:\Users\Zach\repo\Box2D\x64\Debug\CL.11332.read.1.tlog
C:\Users\Zach\repo\Box2D\x64\Debug\CL.11332.write.1.tlog
C:\Users\Zach\repo\Box2D\x64\Debug\CL.8704.read.1.tlog
C:\Users\Zach\repo\Box2D\x64\Debug\CL.8704.write.1.tlog
C:\Users\Zach\repo\Box2D\x64\Debug\cl.command.1.tlog
C:\Users\Zach\repo\Box2D\x64\Debug\CL.read.1.tlog
C:\Users\Zach\repo\Box2D\x64\Debug\CL.write.1.tlog
C:\Users\Zach\repo\Box2D\x64\Debug\Lib-link.read.1.tlog
C:\Users\Zach\repo\Box2D\x64\Debug\Lib-link.write.1.tlog
C:\Users\Zach\repo\Box2D\x64\Debug\lib.command.1.tlog
C:\Users\Zach\repo\Box2D\x64\Debug\vc110.pdb
C:\Users\Zach\repo\Box2D\x64\Debug\b2BlockAllocator.sbr
C:\Users\Zach\repo\Box2D\x64\Debug\b2Body.sbr
C:\Users\Zach\repo\Box2D\x64\Debug\b2BroadPhase.sbr
C:\Users\Zach\repo\Box2D\x64\Debug\b2ChainAndCircleContact.sbr
C:\Users\Zach\repo\Box2D\x64\Debug\b2ChainAndPolygonContact.sbr
C:\Users\Zach\repo\Box2D\x64\Debug\b2ChainShape.sbr
C:\Users\Zach\repo\Box2D\x64\Debug\b2CircleContact.sbr
C:\Users\Zach\repo\Box2D\x64\Debug\b2CircleShape.sbr
C:\Users\Zach\repo\Box2D\x64\Debug\b2CollideCircle.sbr
C:\Users\Zach\repo\Box2D\x64\Debug\b2CollideEdge.sbr
C:\Users\Zach\repo\Box2D\x64\Debug\b2CollidePolygon.sbr
C:\Users\Zach\repo\Box2D\x64\Debug\b2Collision.sbr
C:\Users\Zach\repo\Box2D\x64\Debug\b2Contact.sbr
C:\Users\Zach\repo\Box2D\x64\Debug\b2ContactManager.sbr
C:\Users\Zach\repo\Box2D\x64\Debug\b2ContactSolver.sbr
C:\Users\Zach\repo\Box2D\x64\Debug\b2Distance.sbr
C:\Users\Zach\repo\Box2D\x64\Debug\b2DistanceJoint.sbr
C:\Users\Zach\repo\Box2D\x64\Debug\b2Draw.sbr
C:\Users\Zach\repo\Box2D\x64\Debug\b2DynamicTree.sbr
C:\Users\Zach\repo\Box2D\x64\Debug\b2EdgeAndCircleContact.sbr
C:\Users\Zach\repo\Box2D\x64\Debug\b2EdgeAndPolygonContact.sbr
C:\Users\Zach\repo\Box2D\x64\Debug\b2EdgeShape.sbr
C:\Users\Zach\repo\Box2D\x64\Debug\b2Fixture.sbr
C:\Users\Zach\repo\Box2D\x64\Debug\b2FrictionJoint.sbr
C:\Users\Zach\repo\Box2D\x64\Debug\b2GearJoint.sbr
C:\Users\Zach\repo\Box2D\x64\Debug\b2Island.sbr
C:\Users\Zach\repo\Box2D\x64\Debug\b2Joint.sbr
C:\Users\Zach\repo\Box2D\x64\Debug\b2Math.sbr
C:\Users\Zach\repo\Box2D\x64\Debug\b2MouseJoint.sbr
C:\Users\Zach\repo\Box2D\x64\Debug\b2PolygonAndCircleContact.sbr
C:\Users\Zach\repo\Box2D\x64\Debug\b2PolygonContact.sbr
C:\Users\Zach\repo\Box2D\x64\Debug\b2PolygonShape.sbr
C:\Users\Zach\repo\Box2D\x64\Debug\b2PrismaticJoint.sbr
C:\Users\Zach\repo\Box2D\x64\Debug\b2PulleyJoint.sbr
C:\Users\Zach\repo\Box2D\x64\Debug\b2RevoluteJoint.sbr
C:\Users\Zach\repo\Box2D\x64\Debug\b2Rope.sbr
C:\Users\Zach\repo\Box2D\x64\Debug\b2RopeJoint.sbr
C:\Users\Zach\repo\Box2D\x64\Debug\b2Settings.sbr
C:\Users\Zach\repo\Box2D\x64\Debug\b2StackAllocator.sbr
C:\Users\Zach\repo\Box2D\x64\Debug\b2TimeOfImpact.sbr
C:\Users\Zach\repo\Box2D\x64\Debug\b2Timer.sbr
C:\Users\Zach\repo\Box2D\x64\Debug\b2WeldJoint.sbr
C:\Users\Zach\repo\Box2D\x64\Debug\b2WheelJoint.sbr
C:\Users\Zach\repo\Box2D\x64\Debug\b2World.sbr
C:\Users\Zach\repo\Box2D\x64\Debug\b2WorldCallbacks.sbr
C:\Users\Zach\repo\puck\x64\Debug\Box2D\Box2D.lib
C:\Users\Zach\repo\puck\x64\Debug\Box2D\Box2D.bsc
